2025-02-04 21:26:43,305 CRIT Supervisor is running as root.  Privileges were not dropped because no user is specified in the config file.  If you intend to run as root, you can set user=root in the config file to avoid this message.
2025-02-04 21:26:43,305 INFO Included extra file "/etc/supervisor/conf.d/laravel-scheduler.conf" during parsing
2025-02-04 21:26:43,305 INFO Included extra file "/etc/supervisor/conf.d/supervisord.conf" during parsing
2025-02-04 21:26:43,310 INFO RPC interface 'supervisor' initialized
2025-02-04 21:26:43,310 CRIT Server 'unix_http_server' running without any HTTP authentication checking
2025-02-04 21:26:43,310 INFO supervisord started with pid 1
2025-02-04 21:26:44,313 INFO spawned: 'laravel-scheduler_00' with pid 7
2025-02-04 21:26:44,641 WARN exited: laravel-scheduler_00 (exit status 1; not expected)
2025-02-04 21:26:45,644 INFO spawned: 'laravel-scheduler_00' with pid 10
2025-02-04 21:26:45,993 WARN exited: laravel-scheduler_00 (exit status 1; not expected)
2025-02-04 21:26:47,997 INFO spawned: 'laravel-scheduler_00' with pid 13
2025-02-04 21:26:48,319 WARN exited: laravel-scheduler_00 (exit status 1; not expected)
2025-02-04 21:26:51,325 INFO spawned: 'laravel-scheduler_00' with pid 16
2025-02-04 21:26:51,663 WARN exited: laravel-scheduler_00 (exit status 1; not expected)
2025-02-04 21:26:52,665 INFO gave up: laravel-scheduler_00 entered FATAL state, too many start retries too quickly
2025-02-04 21:28:03,741 WARN received SIGQUIT indicating exit request
2025-02-04 21:28:18,722 CRIT Supervisor is running as root.  Privileges were not dropped because no user is specified in the config file.  If you intend to run as root, you can set user=root in the config file to avoid this message.
2025-02-04 21:28:18,722 INFO Included extra file "/etc/supervisor/conf.d/laravel-scheduler.conf" during parsing
2025-02-04 21:28:18,722 INFO Included extra file "/etc/supervisor/conf.d/supervisord.conf" during parsing
2025-02-04 21:28:18,727 INFO RPC interface 'supervisor' initialized
2025-02-04 21:28:18,727 CRIT Server 'unix_http_server' running without any HTTP authentication checking
2025-02-04 21:28:18,727 INFO supervisord started with pid 1
2025-02-04 21:28:19,730 INFO spawned: 'laravel-scheduler_00' with pid 7
2025-02-04 21:28:20,057 WARN exited: laravel-scheduler_00 (exit status 1; not expected)
2025-02-04 21:28:21,060 INFO spawned: 'laravel-scheduler_00' with pid 10
2025-02-04 21:28:21,421 WARN exited: laravel-scheduler_00 (exit status 1; not expected)
2025-02-04 21:28:23,425 INFO spawned: 'laravel-scheduler_00' with pid 13
2025-02-04 21:28:23,758 WARN exited: laravel-scheduler_00 (exit status 1; not expected)
2025-02-04 21:28:26,763 INFO spawned: 'laravel-scheduler_00' with pid 16
2025-02-04 21:28:27,093 WARN exited: laravel-scheduler_00 (exit status 1; not expected)
2025-02-04 21:28:28,094 INFO gave up: laravel-scheduler_00 entered FATAL state, too many start retries too quickly
2025-02-04 21:29:52,195 WARN received SIGQUIT indicating exit request
2025-02-04 21:29:59,601 CRIT Supervisor is running as root.  Privileges were not dropped because no user is specified in the config file.  If you intend to run as root, you can set user=root in the config file to avoid this message.
2025-02-04 21:29:59,601 INFO Included extra file "/etc/supervisor/conf.d/laravel-scheduler.conf" during parsing
2025-02-04 21:29:59,601 INFO Included extra file "/etc/supervisor/conf.d/supervisord.conf" during parsing
2025-02-04 21:29:59,606 INFO RPC interface 'supervisor' initialized
2025-02-04 21:29:59,606 CRIT Server 'unix_http_server' running without any HTTP authentication checking
2025-02-04 21:29:59,607 INFO supervisord started with pid 1
2025-02-04 21:30:00,610 INFO spawned: 'laravel-scheduler_00' with pid 7
2025-02-04 21:30:00,937 WARN exited: laravel-scheduler_00 (exit status 1; not expected)
2025-02-04 21:30:01,941 INFO spawned: 'laravel-scheduler_00' with pid 10
2025-02-04 21:30:02,370 WARN exited: laravel-scheduler_00 (exit status 1; not expected)
2025-02-04 21:30:04,374 INFO spawned: 'laravel-scheduler_00' with pid 13
2025-02-04 21:30:04,708 WARN exited: laravel-scheduler_00 (exit status 1; not expected)
2025-02-04 21:30:07,714 INFO spawned: 'laravel-scheduler_00' with pid 16
2025-02-04 21:30:08,045 WARN exited: laravel-scheduler_00 (exit status 1; not expected)
2025-02-04 21:30:09,047 INFO gave up: laravel-scheduler_00 entered FATAL state, too many start retries too quickly
2025-02-04 21:30:30,071 WARN received SIGQUIT indicating exit request
